<?xml version="1.0" encoding="UTF-8"?>
<testng-results ignored="0" total="1" passed="1" failed="0" skipped="0">
  <reporter-output>
  </reporter-output>
  <suite started-at="2022-11-16T05:43:56 GMT" name="Default suite" finished-at="2022-11-16T05:43:59 GMT" duration-ms="2389">
    <groups>
    </groups>
    <test started-at="2022-11-16T05:43:56 GMT" name="Default test" finished-at="2022-11-16T05:43:59 GMT" duration-ms="2389">
      <class name="BrowserTest">
        <test-method is-config="true" signature="SetUp()[pri:0, instance:BrowserTest@60bd273d]" started-at="2022-11-16T05:43:56 GMT" name="SetUp" finished-at="2022-11-16T05:43:58 GMT" duration-ms="1598" status="PASS">
          <reporter-output>
          </reporter-output>
        </test-method> <!-- SetUp -->
        <test-method signature="Search()[pri:0, instance:BrowserTest@60bd273d]" started-at="2022-11-16T05:43:58 GMT" name="Search" finished-at="2022-11-16T05:43:59 GMT" duration-ms="762" status="PASS">
          <reporter-output>
          </reporter-output>
        </test-method> <!-- Search -->
        <test-method is-config="true" signature="Close()[pri:0, instance:BrowserTest@60bd273d]" started-at="2022-11-16T05:43:59 GMT" name="Close" finished-at="2022-11-16T05:43:59 GMT" duration-ms="0" status="PASS">
          <reporter-output>
          </reporter-output>
        </test-method> <!-- Close -->
      </class> <!-- BrowserTest -->
    </test> <!-- Default test -->
  </suite> <!-- Default suite -->
</testng-results>
